timestamp: 2015-11-15T15:23:30.326359
CREATE TABLE auth_user(
    id INTEGER PRIMARY KEY AUTOINCREMENT,
    first_name CHAR(128),
    last_name CHAR(128),
    email CHAR(512),
    password CHAR(512),
    registration_key CHAR(512),
    reset_password_key CHAR(512),
    registration_id CHAR(512)
);
success!
timestamp: 2015-11-15T15:23:31.204770
CREATE TABLE auth_group(
    id INTEGER PRIMARY KEY AUTOINCREMENT,
    role CHAR(512),
    description TEXT
);
success!
timestamp: 2015-11-15T15:23:31.360819
CREATE TABLE auth_membership(
    id INTEGER PRIMARY KEY AUTOINCREMENT,
    user_id INTEGER REFERENCES auth_user (id) ON DELETE CASCADE  ,
    group_id INTEGER REFERENCES auth_group (id) ON DELETE CASCADE  
);
success!
timestamp: 2015-11-15T15:23:31.561427
CREATE TABLE auth_permission(
    id INTEGER PRIMARY KEY AUTOINCREMENT,
    group_id INTEGER REFERENCES auth_group (id) ON DELETE CASCADE  ,
    name CHAR(512),
    table_name CHAR(512),
    record_id INTEGER
);
success!
timestamp: 2015-11-15T15:23:31.728313
CREATE TABLE auth_event(
    id INTEGER PRIMARY KEY AUTOINCREMENT,
    time_stamp TIMESTAMP,
    client_ip CHAR(512),
    user_id INTEGER REFERENCES auth_user (id) ON DELETE CASCADE  ,
    origin CHAR(512),
    description TEXT
);
success!
timestamp: 2015-11-15T15:23:31.828406
CREATE TABLE auth_cas(
    id INTEGER PRIMARY KEY AUTOINCREMENT,
    user_id INTEGER REFERENCES auth_user (id) ON DELETE CASCADE  ,
    created_on TIMESTAMP,
    service CHAR(512),
    ticket CHAR(512),
    renew CHAR(1)
);
success!
timestamp: 2015-11-15T15:33:30.395566
CREATE TABLE category(
    id INTEGER PRIMARY KEY AUTOINCREMENT,
    name CHAR(512)
);
success!
timestamp: 2015-11-15T15:33:30.595796
CREATE TABLE post(
    id INTEGER PRIMARY KEY AUTOINCREMENT,
    category INTEGER REFERENCES category (id) ON DELETE CASCADE  ,
    title CHAR(512),
    body TEXT,
    votes INTEGER,
    is_active CHAR(1),
    created_on TIMESTAMP,
    created_by INTEGER REFERENCES auth_user (id) ON DELETE CASCADE  ,
    modified_on TIMESTAMP,
    modified_by INTEGER REFERENCES auth_user (id) ON DELETE CASCADE  
);
success!
timestamp: 2015-11-15T15:33:31.004132
CREATE TABLE vote(
    id INTEGER PRIMARY KEY AUTOINCREMENT,
    post INTEGER REFERENCES post (id) ON DELETE CASCADE  ,
    score INTEGER,
    is_active CHAR(1),
    created_on TIMESTAMP,
    created_by INTEGER REFERENCES auth_user (id) ON DELETE CASCADE  ,
    modified_on TIMESTAMP,
    modified_by INTEGER REFERENCES auth_user (id) ON DELETE CASCADE  
);
success!
timestamp: 2015-11-15T15:36:27.638501
CREATE TABLE comm(
    id INTEGER PRIMARY KEY AUTOINCREMENT,
    post INTEGER REFERENCES post (id) ON DELETE CASCADE  ,
    parent_comm INTEGER REFERENCES comm (id) ON DELETE CASCADE  ,
    votes INTEGER,
    body TEXT,
    is_active CHAR(1),
    created_on TIMESTAMP,
    created_by INTEGER REFERENCES auth_user (id) ON DELETE CASCADE  ,
    modified_on TIMESTAMP,
    modified_by INTEGER REFERENCES auth_user (id) ON DELETE CASCADE  
);
success!
timestamp: 2015-11-15T15:36:27.768947
CREATE TABLE comm_vote(
    id INTEGER PRIMARY KEY AUTOINCREMENT,
    comm INTEGER REFERENCES comm (id) ON DELETE CASCADE  ,
    score INTEGER,
    is_active CHAR(1),
    created_on TIMESTAMP,
    created_by INTEGER REFERENCES auth_user (id) ON DELETE CASCADE  ,
    modified_on TIMESTAMP,
    modified_by INTEGER REFERENCES auth_user (id) ON DELETE CASCADE  
);
success!
timestamp: 2015-11-15T16:41:34.212851
ALTER TABLE post ADD url CHAR(512);
success!
timestamp: 2015-11-16T15:16:52.087377
ALTER TABLE auth_user ADD picture CHAR(512);
timestamp: 2015-11-16T15:16:52.097181
ALTER TABLE auth_user ADD course CHAR(512);
timestamp: 2015-11-16T15:16:52.099341
ALTER TABLE auth_user ADD occupation CHAR(512);
success!
timestamp: 2015-11-16T15:22:22.618464
ALTER TABLE auth_user ADD curso CHAR(512);
timestamp: 2015-11-16T15:22:22.621551
ALTER TABLE auth_user ADD ocupacao CHAR(512);
timestamp: 2015-11-16T15:22:22.623628
ALTER TABLE auth_user ADD foto CHAR(512);
success!
success!
success!
success!
success!
success!
success!
success!
success!
success!
success!
success!
success!
success!
success!
success!
success!
success!
success!
success!
success!
success!
success!
success!
success!
success!
success!
success!
success!
success!
success!
success!
success!
success!
success!
success!
success!
success!
success!
success!
success!
success!
success!
success!
success!
